<?xml version="1.0" encoding="UTF-8"?>
<!-- Generated by org.testng.reporters.JUnitXMLReporter -->
<testsuite ignored="0" hostname="ATMECSINLT-038" failures="0" tests="6" name="heatClinicTestScenario" time="66.302" errors="0" timestamp="18 Nov 2019 07:00:05 GMT">
  <testcase classname="com.atmecs.ToolsninjaAutomation.testScripts.HeatClinicTestScripts" name="validateTitles" time="14.124"/>
  <testcase classname="com.atmecs.ToolsninjaAutomation.testScripts.HeatClinicTestScripts" name="selectGenderClothing" time="3.827"/>
  <testcase classname="com.atmecs.ToolsninjaAutomation.testScripts.HeatClinicTestScripts" name="validateMensClothing" time="0.225"/>
  <testcase classname="com.atmecs.ToolsninjaAutomation.testScripts.HeatClinicTestScripts" name="chooseShirt" time="20.852"/>
  <testcase classname="com.atmecs.ToolsninjaAutomation.testScripts.HeatClinicTestScripts" name="validateCart" time="2.365"/>
  <testcase classname="com.atmecs.ToolsninjaAutomation.testScripts.HeatClinicTestScripts" name="validateUpdatedGrandTotal" time="3.908"/>
</testsuite> <!-- heatClinicTestScenario -->
