<?xml version="1.0" encoding="UTF-8"?>
<!-- Generated by org.testng.reporters.JUnitXMLReporter -->
<testsuite ignored="0" hostname="ATMECSINLT-038" failures="0" tests="6" name="Test validate chromecom.atmecs.ToolsninjaAutomation.testScripts.NinjaStoreTestScripts" time="54.664" errors="0" timestamp="14 Nov 2019 07:12:09 GMT">
  <testcase classname="com.atmecs.ToolsninjaAutomation.testScripts.NinjaStoreTestScripts" name="homePageRedirection" time="0.041"/>
  <testcase classname="com.atmecs.ToolsninjaAutomation.testScripts.NinjaStoreTestScripts" name="searchProductAndCheckAvailability" time="23.163"/>
  <testcase classname="com.atmecs.ToolsninjaAutomation.testScripts.NinjaStoreTestScripts" name="validateGrandTotal" time="8.874"/>
  <testcase classname="com.atmecs.ToolsninjaAutomation.testScripts.NinjaStoreTestScripts" name="checkGrandTotal" time="0.092"/>
  <testcase classname="com.atmecs.ToolsninjaAutomation.testScripts.NinjaStoreTestScripts" name="validateGrandTotalAfterRemovingItem" time="2.266"/>
  <testcase classname="com.atmecs.ToolsninjaAutomation.testScripts.NinjaStoreTestScripts" name="validateErrorMessage" time="3.02"/>
</testsuite> <!-- Test validate chromecom.atmecs.ToolsninjaAutomation.testScripts.NinjaStoreTestScripts -->
