<?xml version="1.0" encoding="UTF-8"?>
<!-- Generated by org.testng.reporters.JUnitXMLReporter -->
<testsuite ignored="0" hostname="ATMECSINLT-038" failures="0" tests="6" name="ninjaStoreTestScenario" time="47.458" errors="0" timestamp="18 Nov 2019 07:00:52 GMT">
  <testcase classname="com.atmecs.ToolsninjaAutomation.testScripts.NinjaStoreTestScripts" name="homePageRedirection" time="0.071"/>
  <testcase classname="com.atmecs.ToolsninjaAutomation.testScripts.NinjaStoreTestScripts" name="searchProductAndCheckAvailability" time="18.741"/>
  <testcase classname="com.atmecs.ToolsninjaAutomation.testScripts.NinjaStoreTestScripts" name="validateGrandTotal" time="12.562"/>
  <testcase classname="com.atmecs.ToolsninjaAutomation.testScripts.NinjaStoreTestScripts" name="checkGrandTotal" time="0.157"/>
  <testcase classname="com.atmecs.ToolsninjaAutomation.testScripts.NinjaStoreTestScripts" name="validateGrandTotalAfterRemovingItem" time="2.728"/>
  <testcase classname="com.atmecs.ToolsninjaAutomation.testScripts.NinjaStoreTestScripts" name="validateErrorMessage" time="6.95"/>
</testsuite> <!-- ninjaStoreTestScenario -->
