<?xml version="1.0" encoding="UTF-8"?>
<testng-results ignored="0" total="6" passed="6" failed="0" skipped="0">
  <reporter-output>
  </reporter-output>
  <suite started-at="2019-11-15T08:52:03Z" name="Default suite" finished-at="2019-11-15T08:52:45Z" duration-ms="42313">
    <groups>
    </groups>
    <test started-at="2019-11-15T08:52:03Z" name="Default test" finished-at="2019-11-15T08:52:45Z" duration-ms="42313">
      <class name="com.atmecs.ToolsninjaAutomation.testScripts.NinjaStoreTestScripts">
        <test-method is-config="true" signature="intitailizeBrowser()[pri:0, instance:com.atmecs.ToolsninjaAutomation.testScripts.NinjaStoreTestScripts@795cd85e]" started-at="2019-11-15T08:52:03Z" name="intitailizeBrowser" finished-at="2019-11-15T08:52:07Z" duration-ms="3852" status="PASS">
          <reporter-output>
          </reporter-output>
        </test-method> <!-- intitailizeBrowser -->
        <test-method is-config="true" signature="getUrl()[pri:0, instance:com.atmecs.ToolsninjaAutomation.testScripts.NinjaStoreTestScripts@795cd85e]" started-at="2019-11-15T08:52:07Z" name="getUrl" finished-at="2019-11-15T08:52:08Z" duration-ms="1251" status="PASS">
          <reporter-output>
          </reporter-output>
        </test-method> <!-- getUrl -->
        <test-method signature="homePageRedirection()[pri:1, instance:com.atmecs.ToolsninjaAutomation.testScripts.NinjaStoreTestScripts@795cd85e]" started-at="2019-11-15T08:52:08Z" name="homePageRedirection" finished-at="2019-11-15T08:52:08Z" duration-ms="56" status="PASS">
          <reporter-output>
          </reporter-output>
        </test-method> <!-- homePageRedirection -->
        <test-method signature="searchProductAndCheckAvailability()[pri:2, instance:com.atmecs.ToolsninjaAutomation.testScripts.NinjaStoreTestScripts@795cd85e]" started-at="2019-11-15T08:52:08Z" name="searchProductAndCheckAvailability" finished-at="2019-11-15T08:52:23Z" duration-ms="15292" status="PASS">
          <reporter-output>
          </reporter-output>
        </test-method> <!-- searchProductAndCheckAvailability -->
        <test-method signature="validateGrandTotal()[pri:3, instance:com.atmecs.ToolsninjaAutomation.testScripts.NinjaStoreTestScripts@795cd85e]" started-at="2019-11-15T08:52:23Z" name="validateGrandTotal" finished-at="2019-11-15T08:52:35Z" duration-ms="11754" status="PASS">
          <reporter-output>
          </reporter-output>
        </test-method> <!-- validateGrandTotal -->
        <test-method signature="checkGrandTotal()[pri:4, instance:com.atmecs.ToolsninjaAutomation.testScripts.NinjaStoreTestScripts@795cd85e]" started-at="2019-11-15T08:52:35Z" name="checkGrandTotal" finished-at="2019-11-15T08:52:35Z" duration-ms="183" status="PASS">
          <reporter-output>
          </reporter-output>
        </test-method> <!-- checkGrandTotal -->
        <test-method signature="validateGrandTotalAfterRemovingItem()[pri:5, instance:com.atmecs.ToolsninjaAutomation.testScripts.NinjaStoreTestScripts@795cd85e]" started-at="2019-11-15T08:52:35Z" name="validateGrandTotalAfterRemovingItem" finished-at="2019-11-15T08:52:38Z" duration-ms="2773" status="PASS">
          <reporter-output>
          </reporter-output>
        </test-method> <!-- validateGrandTotalAfterRemovingItem -->
        <test-method signature="validateErrorMessage()[pri:6, instance:com.atmecs.ToolsninjaAutomation.testScripts.NinjaStoreTestScripts@795cd85e]" started-at="2019-11-15T08:52:38Z" name="validateErrorMessage" finished-at="2019-11-15T08:52:45Z" duration-ms="7078" status="PASS">
          <reporter-output>
          </reporter-output>
        </test-method> <!-- validateErrorMessage -->
        <test-method is-config="true" signature="tearResource()[pri:0, instance:com.atmecs.ToolsninjaAutomation.testScripts.NinjaStoreTestScripts@795cd85e]" started-at="2019-11-15T08:52:45Z" name="tearResource" finished-at="2019-11-15T08:52:45Z" duration-ms="28" status="PASS">
          <reporter-output>
          </reporter-output>
        </test-method> <!-- tearResource -->
      </class> <!-- com.atmecs.ToolsninjaAutomation.testScripts.NinjaStoreTestScripts -->
    </test> <!-- Default test -->
  </suite> <!-- Default suite -->
</testng-results>
