<?xml version="1.0" encoding="UTF-8"?>
<testng-results ignored="0" total="12" passed="12" failed="0" skipped="0">
  <reporter-output>
  </reporter-output>
  <suite started-at="2019-11-18T06:58:58Z" name="heatClinicTestSuite" finished-at="2019-11-18T07:00:04Z" duration-ms="66302">
    <groups>
    </groups>
    <test started-at="2019-11-18T06:58:58Z" name="heatClinicTestScenario" finished-at="2019-11-18T07:00:04Z" duration-ms="66302">
      <class name="com.atmecs.ToolsninjaAutomation.testScripts.HeatClinicTestScripts">
        <test-method is-config="true" signature="intitailizeBrowser()[pri:0, instance:com.atmecs.ToolsninjaAutomation.testScripts.HeatClinicTestScripts@6d2a209c]" started-at="2019-11-18T06:58:58Z" name="intitailizeBrowser" finished-at="2019-11-18T06:59:08Z" duration-ms="9363" status="PASS">
          <reporter-output>
          </reporter-output>
        </test-method> <!-- intitailizeBrowser -->
        <test-method is-config="true" signature="getUrl()[pri:0, instance:com.atmecs.ToolsninjaAutomation.testScripts.HeatClinicTestScripts@6d2a209c]" started-at="2019-11-18T06:59:08Z" name="getUrl" finished-at="2019-11-18T06:59:19Z" duration-ms="11431" status="PASS">
          <reporter-output>
          </reporter-output>
        </test-method> <!-- getUrl -->
        <test-method signature="validateTitles()[pri:1, instance:com.atmecs.ToolsninjaAutomation.testScripts.HeatClinicTestScripts@6d2a209c]" started-at="2019-11-18T06:59:19Z" name="validateTitles" finished-at="2019-11-18T06:59:33Z" duration-ms="14124" status="PASS">
          <reporter-output>
          </reporter-output>
        </test-method> <!-- validateTitles -->
        <test-method signature="selectGenderClothing()[pri:2, instance:com.atmecs.ToolsninjaAutomation.testScripts.HeatClinicTestScripts@6d2a209c]" started-at="2019-11-18T06:59:33Z" name="selectGenderClothing" finished-at="2019-11-18T06:59:37Z" duration-ms="3827" status="PASS">
          <reporter-output>
          </reporter-output>
        </test-method> <!-- selectGenderClothing -->
        <test-method signature="validateMensClothing()[pri:3, instance:com.atmecs.ToolsninjaAutomation.testScripts.HeatClinicTestScripts@6d2a209c]" started-at="2019-11-18T06:59:37Z" name="validateMensClothing" finished-at="2019-11-18T06:59:37Z" duration-ms="225" status="PASS">
          <reporter-output>
          </reporter-output>
        </test-method> <!-- validateMensClothing -->
        <test-method signature="chooseShirt()[pri:4, instance:com.atmecs.ToolsninjaAutomation.testScripts.HeatClinicTestScripts@6d2a209c]" started-at="2019-11-18T06:59:37Z" name="chooseShirt" finished-at="2019-11-18T06:59:58Z" duration-ms="20852" status="PASS">
          <reporter-output>
          </reporter-output>
        </test-method> <!-- chooseShirt -->
        <test-method signature="validateCart()[pri:5, instance:com.atmecs.ToolsninjaAutomation.testScripts.HeatClinicTestScripts@6d2a209c]" started-at="2019-11-18T06:59:58Z" name="validateCart" finished-at="2019-11-18T07:00:00Z" duration-ms="2365" status="PASS">
          <reporter-output>
          </reporter-output>
        </test-method> <!-- validateCart -->
        <test-method signature="validateUpdatedGrandTotal()[pri:6, instance:com.atmecs.ToolsninjaAutomation.testScripts.HeatClinicTestScripts@6d2a209c]" started-at="2019-11-18T07:00:00Z" name="validateUpdatedGrandTotal" finished-at="2019-11-18T07:00:04Z" duration-ms="3908" status="PASS">
          <reporter-output>
          </reporter-output>
        </test-method> <!-- validateUpdatedGrandTotal -->
        <test-method is-config="true" signature="tearResource()[pri:0, instance:com.atmecs.ToolsninjaAutomation.testScripts.HeatClinicTestScripts@6d2a209c]" started-at="2019-11-18T07:00:04Z" name="tearResource" finished-at="2019-11-18T07:00:04Z" duration-ms="173" status="PASS">
          <reporter-output>
          </reporter-output>
        </test-method> <!-- tearResource -->
      </class> <!-- com.atmecs.ToolsninjaAutomation.testScripts.HeatClinicTestScripts -->
    </test> <!-- heatClinicTestScenario -->
  </suite> <!-- heatClinicTestSuite -->
  <suite started-at="2019-11-18T07:00:05Z" name="ninjaStoreTestSuite" finished-at="2019-11-18T07:00:52Z" duration-ms="47458">
    <groups>
    </groups>
    <test started-at="2019-11-18T07:00:05Z" name="ninjaStoreTestScenario" finished-at="2019-11-18T07:00:52Z" duration-ms="47458">
      <class name="com.atmecs.ToolsninjaAutomation.testScripts.NinjaStoreTestScripts">
        <test-method is-config="true" signature="intitailizeBrowser()[pri:0, instance:com.atmecs.ToolsninjaAutomation.testScripts.NinjaStoreTestScripts@2473d930]" started-at="2019-11-18T07:00:05Z" name="intitailizeBrowser" finished-at="2019-11-18T07:00:08Z" duration-ms="2964" status="PASS">
          <reporter-output>
          </reporter-output>
        </test-method> <!-- intitailizeBrowser -->
        <test-method is-config="true" signature="getUrl()[pri:0, instance:com.atmecs.ToolsninjaAutomation.testScripts.NinjaStoreTestScripts@2473d930]" started-at="2019-11-18T07:00:08Z" name="getUrl" finished-at="2019-11-18T07:00:11Z" duration-ms="3249" status="PASS">
          <reporter-output>
          </reporter-output>
        </test-method> <!-- getUrl -->
        <test-method signature="homePageRedirection()[pri:1, instance:com.atmecs.ToolsninjaAutomation.testScripts.NinjaStoreTestScripts@2473d930]" started-at="2019-11-18T07:00:11Z" name="homePageRedirection" finished-at="2019-11-18T07:00:11Z" duration-ms="71" status="PASS">
          <reporter-output>
          </reporter-output>
        </test-method> <!-- homePageRedirection -->
        <test-method signature="searchProductAndCheckAvailability()[pri:2, instance:com.atmecs.ToolsninjaAutomation.testScripts.NinjaStoreTestScripts@2473d930]" started-at="2019-11-18T07:00:11Z" name="searchProductAndCheckAvailability" finished-at="2019-11-18T07:00:30Z" duration-ms="18741" status="PASS">
          <reporter-output>
          </reporter-output>
        </test-method> <!-- searchProductAndCheckAvailability -->
        <test-method signature="validateGrandTotal()[pri:3, instance:com.atmecs.ToolsninjaAutomation.testScripts.NinjaStoreTestScripts@2473d930]" started-at="2019-11-18T07:00:30Z" name="validateGrandTotal" finished-at="2019-11-18T07:00:42Z" duration-ms="12562" status="PASS">
          <reporter-output>
          </reporter-output>
        </test-method> <!-- validateGrandTotal -->
        <test-method signature="checkGrandTotal()[pri:4, instance:com.atmecs.ToolsninjaAutomation.testScripts.NinjaStoreTestScripts@2473d930]" started-at="2019-11-18T07:00:42Z" name="checkGrandTotal" finished-at="2019-11-18T07:00:42Z" duration-ms="157" status="PASS">
          <reporter-output>
          </reporter-output>
        </test-method> <!-- checkGrandTotal -->
        <test-method signature="validateGrandTotalAfterRemovingItem()[pri:5, instance:com.atmecs.ToolsninjaAutomation.testScripts.NinjaStoreTestScripts@2473d930]" started-at="2019-11-18T07:00:42Z" name="validateGrandTotalAfterRemovingItem" finished-at="2019-11-18T07:00:45Z" duration-ms="2728" status="PASS">
          <reporter-output>
          </reporter-output>
        </test-method> <!-- validateGrandTotalAfterRemovingItem -->
        <test-method signature="validateErrorMessage()[pri:6, instance:com.atmecs.ToolsninjaAutomation.testScripts.NinjaStoreTestScripts@2473d930]" started-at="2019-11-18T07:00:45Z" name="validateErrorMessage" finished-at="2019-11-18T07:00:52Z" duration-ms="6950" status="PASS">
          <reporter-output>
          </reporter-output>
        </test-method> <!-- validateErrorMessage -->
        <test-method is-config="true" signature="tearResource()[pri:0, instance:com.atmecs.ToolsninjaAutomation.testScripts.NinjaStoreTestScripts@2473d930]" started-at="2019-11-18T07:00:52Z" name="tearResource" finished-at="2019-11-18T07:00:52Z" duration-ms="32" status="PASS">
          <reporter-output>
          </reporter-output>
        </test-method> <!-- tearResource -->
      </class> <!-- com.atmecs.ToolsninjaAutomation.testScripts.NinjaStoreTestScripts -->
    </test> <!-- ninjaStoreTestScenario -->
  </suite> <!-- ninjaStoreTestSuite -->
  <suite started-at="2019-11-18T07:00:52Z" name="heatClinicAndNinjaStoreTestSuites" finished-at="2019-11-18T07:00:52Z" duration-ms="0">
    <groups>
    </groups>
  </suite> <!-- heatClinicAndNinjaStoreTestSuites -->
</testng-results>
