<?xml version="1.0" encoding="UTF-8"?>
<testsuite xmlns:xsi="http://www.w3.org/2001/XMLSchema-instance" xsi:noNamespaceSchemaLocation="https://maven.apache.org/surefire/maven-surefire-plugin/xsd/surefire-test-report-3.0.xsd" version="3.0" name="TestSuite" time="2.213" tests="18" errors="0" skipped="16" failures="2">
  <properties>
[...]
</properties>
  <testcase name="intitailizeBrowser" classname="com.atmecs.ToolsninjaAutomation.testScripts.HeatClinicTestScripts" time="1.655">
    <failure type="java.lang.NullPointerException">java.lang.NullPointerException
</failure>
  </testcase>
  <testcase name="getUrl" classname="com.atmecs.ToolsninjaAutomation.testScripts.HeatClinicTestScripts" time="0">
    <skipped/>
  </testcase>
  <testcase name="validateTitles" classname="com.atmecs.ToolsninjaAutomation.testScripts.HeatClinicTestScripts" time="0">
    <skipped/>
  </testcase>
  <testcase name="selectGenderClothing" classname="com.atmecs.ToolsninjaAutomation.testScripts.HeatClinicTestScripts" time="0">
    <skipped/>
  </testcase>
  <testcase name="validateMensClothing" classname="com.atmecs.ToolsninjaAutomation.testScripts.HeatClinicTestScripts" time="0">
    <skipped/>
  </testcase>
  <testcase name="chooseShirt" classname="com.atmecs.ToolsninjaAutomation.testScripts.HeatClinicTestScripts" time="0">
    <skipped/>
  </testcase>
  <testcase name="validateCart" classname="com.atmecs.ToolsninjaAutomation.testScripts.HeatClinicTestScripts" time="0">
    <skipped/>
  </testcase>
  <testcase name="validateUpdatedGrandTotal" classname="com.atmecs.ToolsninjaAutomation.testScripts.HeatClinicTestScripts" time="0">
    <skipped/>
  </testcase>
  <testcase name="tearResource" classname="com.atmecs.ToolsninjaAutomation.testScripts.HeatClinicTestScripts" time="0">
    <skipped/>
  </testcase>
  <testcase name="intitailizeBrowser" classname="com.atmecs.ToolsninjaAutomation.testScripts.NinjaStoreTestScripts" time="1.873">
    <failure type="java.lang.NullPointerException">java.lang.NullPointerException
</failure>
  </testcase>
  <testcase name="getUrl" classname="com.atmecs.ToolsninjaAutomation.testScripts.NinjaStoreTestScripts" time="0">
    <skipped/>
  </testcase>
  <testcase name="homePageRedirection" classname="com.atmecs.ToolsninjaAutomation.testScripts.NinjaStoreTestScripts" time="0">
    <skipped/>
  </testcase>
  <testcase name="searchProductAndCheckAvailability" classname="com.atmecs.ToolsninjaAutomation.testScripts.NinjaStoreTestScripts" time="0">
    <skipped/>
  </testcase>
  <testcase name="validateGrandTotal" classname="com.atmecs.ToolsninjaAutomation.testScripts.NinjaStoreTestScripts" time="0">
    <skipped/>
  </testcase>
  <testcase name="checkGrandTotal" classname="com.atmecs.ToolsninjaAutomation.testScripts.NinjaStoreTestScripts" time="0">
    <skipped/>
  </testcase>
  <testcase name="validateGrandTotalAfterRemovingItem" classname="com.atmecs.ToolsninjaAutomation.testScripts.NinjaStoreTestScripts" time="0">
    <skipped/>
  </testcase>
  <testcase name="validateErrorMessage" classname="com.atmecs.ToolsninjaAutomation.testScripts.NinjaStoreTestScripts" time="0">
    <skipped/>
  </testcase>
  <testcase name="tearResource" classname="com.atmecs.ToolsninjaAutomation.testScripts.NinjaStoreTestScripts" time="0">
    <skipped/>
  </testcase>
</testsuite>