<?xml version="1.0" encoding="UTF-8"?>
<!-- Generated by org.testng.reporters.JUnitXMLReporter -->
<testsuite ignored="0" hostname="ATMECSINLT-038" failures="0" tests="6" name="heatClinicTestScenario" time="0.05" errors="0" timestamp="14 Nov 2019 10:28:50 GMT">
  <testcase classname="com.atmecs.ToolsninjaAutomation.testBase.TestBase" name="@BeforeClass intitailizeBrowser" time="0.011">
    <failure type="java.lang.NullPointerException">
      <![CDATA[java.lang.NullPointerException
at com.atmecs.ToolsninjaAutomation.testBase.TestBase.intitailizeBrowser(TestBase.java:62)
... Removed 31 stack frames]]>
    </failure>
  </testcase> <!-- @BeforeClass intitailizeBrowser -->
  <testcase classname="com.atmecs.ToolsninjaAutomation.testScripts.HeatClinicTestScripts" name="@BeforeClass getUrl" time="0.0">
    <skipped/>
  </testcase> <!-- @BeforeClass getUrl -->
  <testcase classname="com.atmecs.ToolsninjaAutomation.testBase.TestBase" name="@AfterClass tearResource" time="0.0">
    <skipped/>
  </testcase> <!-- @AfterClass tearResource -->
  <testcase classname="com.atmecs.ToolsninjaAutomation.testScripts.HeatClinicTestScripts" name="validateTitles" time="0.0">
    <skipped/>
  </testcase> <!-- validateTitles -->
  <testcase classname="com.atmecs.ToolsninjaAutomation.testScripts.HeatClinicTestScripts" name="selectGenderClothing" time="0.0">
    <skipped/>
  </testcase> <!-- selectGenderClothing -->
  <testcase classname="com.atmecs.ToolsninjaAutomation.testScripts.HeatClinicTestScripts" name="validateMensClothing" time="0.0">
    <skipped/>
  </testcase> <!-- validateMensClothing -->
  <testcase classname="com.atmecs.ToolsninjaAutomation.testScripts.HeatClinicTestScripts" name="chooseShirt" time="0.0">
    <skipped/>
  </testcase> <!-- chooseShirt -->
  <testcase classname="com.atmecs.ToolsninjaAutomation.testScripts.HeatClinicTestScripts" name="validateCart" time="0.0">
    <skipped/>
  </testcase> <!-- validateCart -->
  <testcase classname="com.atmecs.ToolsninjaAutomation.testScripts.HeatClinicTestScripts" name="validateUpdatedGrandTotal" time="0.0">
    <skipped/>
  </testcase> <!-- validateUpdatedGrandTotal -->
</testsuite> <!-- heatClinicTestScenario -->
