<?xml version="1.0" encoding="UTF-8"?>
<!-- Generated by org.testng.reporters.JUnitXMLReporter -->
<testsuite ignored="0" hostname="ATMECSINLT-038" failures="0" tests="6" name="ninjaStoreTestScenario" time="0.005" errors="0" timestamp="14 Nov 2019 10:28:50 GMT">
  <testcase classname="com.atmecs.ToolsninjaAutomation.testBase.TestBase" name="@BeforeClass intitailizeBrowser" time="0.001">
    <failure type="java.lang.NullPointerException">
      <![CDATA[java.lang.NullPointerException
at com.atmecs.ToolsninjaAutomation.testBase.TestBase.intitailizeBrowser(TestBase.java:62)
... Removed 31 stack frames]]>
    </failure>
  </testcase> <!-- @BeforeClass intitailizeBrowser -->
  <testcase classname="com.atmecs.ToolsninjaAutomation.testScripts.NinjaStoreTestScripts" name="@BeforeClass getUrl" time="0.0">
    <skipped/>
  </testcase> <!-- @BeforeClass getUrl -->
  <testcase classname="com.atmecs.ToolsninjaAutomation.testBase.TestBase" name="@AfterClass tearResource" time="0.0">
    <skipped/>
  </testcase> <!-- @AfterClass tearResource -->
  <testcase classname="com.atmecs.ToolsninjaAutomation.testScripts.NinjaStoreTestScripts" name="homePageRedirection" time="0.0">
    <skipped/>
  </testcase> <!-- homePageRedirection -->
  <testcase classname="com.atmecs.ToolsninjaAutomation.testScripts.NinjaStoreTestScripts" name="searchProductAndCheckAvailability" time="0.0">
    <skipped/>
  </testcase> <!-- searchProductAndCheckAvailability -->
  <testcase classname="com.atmecs.ToolsninjaAutomation.testScripts.NinjaStoreTestScripts" name="validateGrandTotal" time="0.0">
    <skipped/>
  </testcase> <!-- validateGrandTotal -->
  <testcase classname="com.atmecs.ToolsninjaAutomation.testScripts.NinjaStoreTestScripts" name="checkGrandTotal" time="0.0">
    <skipped/>
  </testcase> <!-- checkGrandTotal -->
  <testcase classname="com.atmecs.ToolsninjaAutomation.testScripts.NinjaStoreTestScripts" name="validateGrandTotalAfterRemovingItem" time="0.0">
    <skipped/>
  </testcase> <!-- validateGrandTotalAfterRemovingItem -->
  <testcase classname="com.atmecs.ToolsninjaAutomation.testScripts.NinjaStoreTestScripts" name="validateErrorMessage" time="0.0">
    <skipped/>
  </testcase> <!-- validateErrorMessage -->
</testsuite> <!-- ninjaStoreTestScenario -->
